2022-12-22 06:10:24,300 - DEBUG - http://localhost:5000/expenses
2022-12-22 06:10:24,464 - DEBUG - http://localhost:5000/
2022-12-22 06:10:24,834 - DEBUG - http://localhost:5000/
2022-12-22 06:10:25,105 - DEBUG - http://localhost:5000/
2022-12-22 06:10:39,344 - DEBUG - http://localhost:5000/
2022-12-22 06:10:39,463 - DEBUG - http://localhost:5000/reminders
2022-12-22 06:10:39,626 - DEBUG - http://localhost:5000/reminders
2022-12-22 06:10:39,647 - DEBUG - http://localhost:5000/reminders
2022-12-22 06:11:01,752 - DEBUG - http://localhost:5000/reminders
2022-12-22 06:11:01,861 - DEBUG - http://localhost:5000/income
2022-12-22 06:11:02,220 - DEBUG - http://localhost:5000/income
2022-12-22 06:11:02,232 - DEBUG - http://localhost:5000/income
2022-12-22 06:14:34,100 - DEBUG - http://localhost:5000/reminders
2022-12-22 06:14:34,249 - DEBUG - http://localhost:5000/income
2022-12-22 06:14:34,641 - DEBUG - http://localhost:5000/income
2022-12-22 06:14:34,656 - DEBUG - http://localhost:5000/income
2022-12-22 06:14:35,311 - DEBUG - http://localhost:5000/income
2022-12-22 06:17:52,702 - DEBUG - http://localhost:5000/income
2022-12-22 06:17:52,859 - DEBUG - http://localhost:5000/expenses
2022-12-22 06:17:53,148 - DEBUG - http://localhost:5000/expenses
2022-12-22 06:17:53,165 - DEBUG - http://localhost:5000/expenses
2022-12-22 06:18:02,663 - DEBUG - http://localhost:5000/expenses
2022-12-22 06:18:02,781 - DEBUG - http://localhost:5000/
2022-12-22 06:18:02,949 - DEBUG - http://localhost:5000/
2022-12-22 06:18:02,960 - DEBUG - http://localhost:5000/
2022-12-22 06:18:20,265 - DEBUG - http://localhost:5000/
2022-12-22 06:18:20,505 - DEBUG - http://localhost:5000/
2022-12-22 06:18:20,687 - DEBUG - http://localhost:5000/
2022-12-22 06:18:20,697 - DEBUG - http://localhost:5000/
2022-12-22 06:18:25,392 - DEBUG - http://localhost:5000/
2022-12-22 06:18:25,485 - DEBUG - http://localhost:5000/reminders
2022-12-22 06:18:25,667 - DEBUG - http://localhost:5000/reminders
2022-12-22 06:18:25,682 - DEBUG - http://localhost:5000/reminders
2022-12-22 06:19:00,619 - DEBUG - http://localhost:5000/
2022-12-22 06:19:27,087 - DEBUG - http://localhost:5000/
2022-12-22 06:19:27,263 - DEBUG - http://localhost:5000/reminders
2022-12-22 06:19:27,470 - DEBUG - http://localhost:5000/reminders
2022-12-22 06:19:27,607 - DEBUG - http://localhost:5000/reminders
2022-12-22 06:19:27,800 - DEBUG - http://localhost:5000/reminders
2022-12-22 06:19:49,894 - DEBUG - http://localhost:5000/
2022-12-22 06:19:50,670 - DEBUG - http://localhost:5000/reminders
2022-12-22 06:20:02,147 - DEBUG - http://localhost:5000/
2022-12-22 06:20:02,337 - DEBUG - http://localhost:5000/reminders
2022-12-22 06:20:02,510 - DEBUG - http://localhost:5000/reminders
2022-12-22 06:20:02,649 - DEBUG - http://localhost:5000/reminders
2022-12-22 06:20:02,839 - DEBUG - http://localhost:5000/reminders
2022-12-22 06:21:45,090 - DEBUG - http://localhost:5000/reminders
2022-12-22 06:21:45,210 - DEBUG - http://localhost:5000/income
2022-12-22 06:21:45,429 - DEBUG - http://localhost:5000/income
2022-12-22 06:21:45,451 - DEBUG - http://localhost:5000/income
2022-12-22 06:22:00,508 - DEBUG - http://localhost:5000/income
2022-12-22 06:22:00,655 - DEBUG - http://localhost:5000/reminders
2022-12-22 06:22:00,828 - DEBUG - http://localhost:5000/reminders
2022-12-22 06:22:00,841 - DEBUG - http://localhost:5000/reminders
2022-12-22 06:22:11,936 - DEBUG - http://localhost:5000/reminders
2022-12-22 06:22:12,004 - DEBUG - http://localhost:5000/goals
2022-12-22 06:22:12,173 - DEBUG - http://localhost:5000/goals
2022-12-22 06:22:12,182 - DEBUG - http://localhost:5000/goals
2022-12-22 06:22:27,418 - DEBUG - http://localhost:5000/goals
2022-12-22 06:22:27,482 - DEBUG - http://localhost:5000/expenses
2022-12-22 06:22:27,664 - DEBUG - http://localhost:5000/expenses
2022-12-22 06:22:27,678 - DEBUG - http://localhost:5000/expenses
2022-12-22 06:30:26,963 - DEBUG - http://localhost:5000/goals
2022-12-22 06:30:27,282 - DEBUG - http://localhost:5000/expenses
2022-12-22 06:30:27,656 - DEBUG - http://localhost:5000/expenses
2022-12-22 06:30:27,899 - DEBUG - http://localhost:5000/expenses
2022-12-22 06:30:28,914 - DEBUG - http://localhost:5000/expenses
2022-12-22 06:36:37,332 - DEBUG - http://localhost:5000/goals
2022-12-22 06:36:52,042 - DEBUG - http://localhost:5000/goals
2022-12-22 06:38:20,278 - DEBUG - Host: localhost:5000
2022-12-22 06:43:35,501 - DEBUG - None
2022-12-22 06:43:35,664 - DEBUG - http://localhost:5000/expenses
2022-12-22 06:43:35,839 - DEBUG - http://localhost:5000/expenses
2022-12-22 06:43:35,992 - DEBUG - http://localhost:5000/expenses
2022-12-22 06:43:36,259 - DEBUG - http://localhost:5000/expenses
2022-12-22 06:44:38,573 - DEBUG - None
2022-12-22 06:44:38,686 - DEBUG - http://localhost:5000/expenses
2022-12-22 06:44:39,112 - DEBUG - http://localhost:5000/expenses
2022-12-22 06:44:39,136 - DEBUG - http://localhost:5000/expenses
2022-12-22 06:44:39,587 - DEBUG - http://localhost:5000/expenses
2022-12-22 06:47:53,959 - DEBUG - http://localhost:5000/expenses
2022-12-22 06:47:54,143 - DEBUG - http://localhost:5000/
2022-12-22 06:47:54,434 - DEBUG - http://localhost:5000/
2022-12-22 06:47:54,470 - DEBUG - http://localhost:5000/
2022-12-22 06:47:54,878 - DEBUG - http://localhost:5000/
2022-12-27 08:25:22,650 - DEBUG - None
2022-12-27 08:25:23,533 - DEBUG - http://localhost:5000/
2022-12-27 08:25:23,941 - DEBUG - http://localhost:5000/
2022-12-27 08:25:24,169 - DEBUG - http://localhost:5000/
2022-12-27 08:25:24,844 - DEBUG - http://localhost:5000/
2022-12-27 08:25:25,453 - DEBUG - http://localhost:5000/
2022-12-27 08:25:25,559 - DEBUG - http://localhost:5000/expenses
2022-12-27 08:25:25,756 - DEBUG - http://localhost:5000/expenses
2022-12-27 08:25:25,779 - DEBUG - http://localhost:5000/expenses
2022-12-27 08:44:18,059 - DEBUG - http://localhost:5000/
2022-12-27 08:44:18,334 - DEBUG - http://localhost:5000/expenses
2022-12-27 08:44:18,683 - DEBUG - http://localhost:5000/expenses
2022-12-27 08:44:18,851 - DEBUG - http://localhost:5000/expenses
2022-12-27 08:44:19,172 - DEBUG - http://localhost:5000/expenses
2022-12-27 08:44:33,015 - DEBUG - http://localhost:5000/expenses
2022-12-27 08:44:33,100 - DEBUG - http://localhost:5000/goals
2022-12-27 08:44:33,273 - DEBUG - http://localhost:5000/goals
2022-12-27 08:44:33,290 - DEBUG - http://localhost:5000/goals
2022-12-27 08:57:41,272 - DEBUG - Host: localhost:5000
2022-12-27 08:44:33,290 - DEBUG - http://localhost:5000/goa
2022-12-27 08:44:33,290 - DEBUG - http://localhost:5000/goa
2022-12-27 08:44:33,290 - DEBUG - http://localhost:5000/goa
2022-12-27 08:44:33,290 - DEBUG - http://localhost:5000/goa
2022-12-27 08:44:33,290 - DEBUG - http://localhost:5000/goa
2022-12-27 08:44:33,290 - DEBUG - http://localhost:5000/goall
2022-12-27 08:44:33,290 - DEBUG - http://localhost:5000/goall
2022-12-27 08:44:33,290 - DEBUG - http://localhost:5000/goall
2022-12-27 08:44:33,290 - DEBUG - http://localhost:5000/goall
2022-12-27 08:44:33,290 - DEBUG - http://localhost:5000/goall
2022-12-22 06:10:39,463 - DEBUG - http://localhost:5000/reminders
2022-12-22 06:10:39,463 - DEBUG - http://localhost:5000/reminders
2022-12-22 06:10:39,463 - DEBUG - http://localhost:5000/reminders
2022-12-22 06:30:27,282 - DEBUG - http://localhost:5000/expenses
2022-12-22 06:30:27,656 - DEBUG - http://localhost:5000/expenses
2022-12-22 06:30:27,656 - DEBUG - http://localhost:5000/expenses
2022-12-22 06:30:27,656 - DEBUG - http://localhost:5000/expenses
2022-12-22 06:30:27,656 - DEBUG - http://localhost:5000/expenses
2022-12-27 08:44:33,290 - DEBUG - http://localhost:5000/goall
2022-12-27 08:44:33,290 - DEBUG - http://localhost:5000/goall
2022-12-22 06:30:27,656 - DEBUG - http://localhost:5000/expenses
2022-12-22 06:30:27,656 - DEBUG - http://localhost:5000/expenses
2022-12-22 06:30:27,656 - DEBUG - http://localhost:5000/expenses
2022-12-22 06:30:27,656 - DEBUG - http://localhost:5000/expenses
2022-12-22 06:30:27,656 - DEBUG - http://localhost:5000/expenses
2022-12-27 08:44:33,290 - DEBUG - http://localhost:5000/goall
2022-12-27 08:44:33,290 - DEBUG - http://localhost:5000/goall
2022-12-27 08:44:33,290 - DEBUG - http://localhost:5000/goall
2022-12-27 08:44:33,290 - DEBUG - http://localhost:5000/goall
2022-12-27 08:44:33,290 - DEBUG - http://localhost:5000/goall
2022-12-27 08:44:33,290 - DEBUG - http://localhost:5000/goall
2022-12-22 06:18:20,697 - DEBUG - http://localhost:5000/
2022-12-22 06:18:20,697 - DEBUG - http://localhost:5000/
2022-12-22 06:18:20,697 - DEBUG - http://localhost:5000/
2022-12-22 06:18:20,697 - DEBUG - http://localhost:5000/
2022-12-27 08:44:33,290 - DEBUG - http://localhost:5000/goallaa
2022-12-27 08:44:33,290 - DEBUG - http://localhost:5000/goallaa
2022-12-27 08:44:33,290 - DEBUG - http://localhost:5000/goallaa
2022-12-22 06:30:27,656 - DEBUG - http://localhost:5000/expenses
2022-12-22 06:30:27,656 - DEBUG - http://localhost:5000/expenses
2022-12-22 06:30:27,656 - DEBUG - http://localhost:5000/expenses
2022-12-22 06:21:45,451 - DEBUG - http://localhost:5000/income
2022-12-22 06:22:00,508 - DEBUG - http://localhost:5000/income
2022-12-22 06:22:00,508 - DEBUG - http://localhost:5000/income
2022-12-22 06:22:00,508 - DEBUG - http://localhost:5000/income
2022-12-22 06:22:00,508 - DEBUG - http://localhost:5000/income
2022-12-22 06:22:00,508 - DEBUG - http://localhost:5000/income
2022-12-22 06:10:39,463 - DEBUG - http://localhost:5000/reminders
2022-12-22 06:10:39,463 - DEBUG - http://localhost:5000/reminders
2022-12-22 06:10:39,463 - DEBUG - http://localhost:5000/reminders
2022-12-22 06:30:27,656 - DEBUG - http://localhost:5000/expenses
2022-12-22 06:30:27,656 - DEBUG - http://localhost:5000/expenses
2022-12-22 06:30:27,656 - DEBUG - http://localhost:5000/expenses
2022-12-22 06:30:27,656 - DEBUG - http://localhost:5000/expenses
2022-12-22 06:30:27,656 - DEBUG - http://localhost:5000/expenses
2022-12-22 06:30:27,656 - DEBUG - http://localhost:5000/expenses
2022-12-22 06:30:27,656 - DEBUG - http://localhost:5000/expenses
2022-12-22 06:22:00,508 - DEBUG - http://localhost:5000/income
2022-12-22 06:22:00,508 - DEBUG - http://localhost:5000/income
2022-12-22 06:22:00,508 - DEBUG - http://localhost:5000/income
2022-12-22 06:22:00,508 - DEBUG - http://localhost:5000/income
2022-12-22 06:30:27,656 - DEBUG - http://localhost:5000/expenses
2022-12-22 06:30:27,656 - DEBUG - http://localhost:5000/expenses
2022-12-22 06:30:27,656 - DEBUG - http://localhost:5000/expenses
2022-12-22 06:30:27,656 - DEBUG - http://localhost:5000/expenses
2022-12-22 06:22:00,508 - DEBUG - http://localhost:5000/income
2022-12-22 06:22:00,508 - DEBUG - http://localhost:5000/income
2022-12-27 08:44:33,290 - DEBUG - http://localhost:5000/goall
2022-12-27 08:44:33,290 - DEBUG - http://localhost:5000/goall
2022-12-27 08:44:33,290 - DEBUG - http://localhost:5000/goall
2022-12-27 08:44:33,290 - DEBUG - http://localhost:5000/goall
2022-12-27 08:44:33,290 - DEBUG - http://localhost:5000/goall
2022-12-27 08:44:33,290 - DEBUG - http://localhost:5000/goall
2022-12-22 06:30:27,656 - DEBUG - http://localhost:5000/expenses
2022-12-22 06:30:27,656 - DEBUG - http://localhost:5000/expenses
2022-12-22 06:30:27,656 - DEBUG - http://localhost:5000/expenses
2022-12-22 06:30:27,656 - DEBUG - http://localhost:5000/expenses
2022-12-27 08:44:33,290 - DEBUG - http://localhost:5000/goall
2022-12-27 08:44:33,290 - DEBUG - http://localhost:5000/goall
2022-12-27 08:44:33,290 - DEBUG - http://localhost:5000/goall
2022-12-27 08:44:33,290 - DEBUG - http://localhost:5000/goall
2022-12-27 08:44:33,290 - DEBUG - http://localhost:5000/goall
2022-12-27 08:44:33,290 - DEBUG - http://localhost:5000/goall