2022-12-16 07:28:51,179 - website - INFO - tej visited home page
2022-12-16 07:29:12,071 - website - INFO - tej visited home page
2022-12-16 07:29:44,457 - website - INFO - tej visited home page
2022-12-16 07:29:54,137 - website - INFO - tej visited home page
2022-12-16 07:43:51,345 - website - ERROR - Error in sending email to tejas8948@gmail.com
2022-12-16 07:47:37,814 - website - ERROR - Error in sending email to tejas8948@gmail.com
2022-12-16 07:49:32,660 - website - ERROR - Error in sending email to tejas8948@gmail.com
2022-12-16 07:50:20,084 - website - ERROR - Error in sending email to tejas8948@gmail.com
2022-12-16 07:54:23,143 - website - ERROR - Error in sending email to tejas8948@gmail.com
2022-12-16 08:00:32,983 - website - ERROR - Error in sending email to tejas8948@gmail.com
2022-12-16 08:13:53,931 - website - INFO - tej visited home page
2022-12-16 08:29:58,298 - website - INFO - tej visited home page
2022-12-16 08:30:08,874 - website - INFO - Expense added by tej at 2022-12-16 14:00:08.861077+05:30
2022-12-16 13:56:46,741 - website - INFO - Created Database!
2022-12-16 13:56:49,322 - website - INFO - Created Database!
2022-12-16 13:57:14,240 - website - INFO - Created Database!
2022-12-16 13:57:17,746 - website - INFO - Created Database!
2022-12-16 13:57:36,679 - website - INFO - Created Database!
2022-12-16 13:57:36,814 - website - INFO - tej visited home page
2022-12-16 14:03:03,394 - website - INFO - Created Database!
2022-12-16 14:03:08,804 - website - INFO - Created Database!
2022-12-16 14:03:13,391 - website - INFO - Created Database!
2022-12-16 14:03:17,574 - website - INFO - tej visited reminders page
2022-12-16 14:03:24,356 - website - INFO - tej visited reminders page
2022-12-16 14:03:28,541 - website - INFO - tej visited reminders page
2022-12-16 14:04:15,638 - website - INFO - tej added a new goal
2022-12-16 14:04:17,801 - website - INFO - tej visited home page
2022-12-16 14:05:29,147 - website - INFO - Created Database!
2022-12-16 14:05:32,277 - website - INFO - Created Database!
2022-12-16 14:05:35,824 - website - INFO - Created Database!
2022-12-16 14:05:45,674 - website - INFO - Created Database!
2022-12-16 14:05:45,855 - website - DEBUG - tej edited his profile
2022-12-16 14:05:45,968 - website - INFO - tej visited home page
2022-12-16 14:05:49,040 - website - INFO - tej visited home page
2022-12-16 14:06:45,011 - website - INFO - Created Database!
2022-12-16 14:06:57,764 - website - INFO - Created Database!
2022-12-16 14:06:57,884 - website - INFO - tej visited expenses page
2022-12-16 14:07:48,085 - website - INFO - tej visited expenses page
2022-12-16 14:07:49,288 - website - INFO - tej visited reminders page
2022-12-16 14:07:51,261 - website - INFO - tej visited home page
2022-12-16 14:08:30,580 - website - INFO - tej logged out
2022-12-16 14:08:32,975 - website - INFO - tej logged in
2022-12-16 14:08:33,084 - website - INFO - tej visited home page
2022-12-16 14:10:16,974 - website - INFO - tej visited reminders page
2022-12-16 14:10:31,526 - website - INFO - tej visited reminders page
2022-12-16 14:11:19,662 - website - INFO - tej visited reminders page
2022-12-16 14:13:10,023 - website - INFO - tej visited reminders page
2022-12-16 14:13:11,805 - website - INFO - tej visited home page
2022-12-16 14:13:18,695 - website - INFO - Expense added by tej at 2022-12-16 19:43:18.676489+05:30
2022-12-16 14:13:18,706 - website - INFO - tej visited expenses page
2022-12-16 14:13:22,349 - website - INFO - tej visited home page
2022-12-16 14:14:14,646 - website - INFO - tej visited home page
2022-12-19 05:04:23,497 - website - INFO - tej visited home page
2022-12-19 05:04:30,480 - website - INFO - tej visited expenses page
2022-12-19 05:38:09,350 - website - INFO - tej visited home page
2022-12-19 05:38:09,354 - website - DEBUG - SELECT expenses.expense_id AS expenses_expense_id, expenses.expense_name AS expenses_expense_name, expenses.expense_type AS expenses_expense_type, expenses.expense_amount AS expenses_expense_amount, expenses.expense_date AS expenses_expense_date, expenses.user_id AS expenses_user_id, expenses.time_created AS expenses_time_created, expenses.time_updated AS expenses_time_updated 
FROM expenses 
WHERE expenses.user_id = %(user_id_1)s ORDER BY expenses.time_created DESC 
 LIMIT %(param_1)s
2022-12-19 05:38:38,516 - website - INFO - tej visited home page
2022-12-19 05:38:48,552 - website - INFO - tej visited home page
2022-12-19 05:38:48,554 - website - DEBUG - SELECT expenses.expense_id AS expenses_expense_id, expenses.expense_name AS expenses_expense_name, expenses.expense_type AS expenses_expense_type, expenses.expense_amount AS expenses_expense_amount, expenses.expense_date AS expenses_expense_date, expenses.user_id AS expenses_user_id, expenses.time_created AS expenses_time_created, expenses.time_updated AS expenses_time_updated 
FROM expenses 
WHERE expenses.user_id = %(user_id_1)s ORDER BY expenses.time_created DESC 
 LIMIT %(param_1)s
2022-12-19 05:40:59,722 - website - INFO - tej visited home page
2022-12-19 05:41:24,537 - website - INFO - tej visited home page
2022-12-19 05:41:33,554 - website - INFO - tej visited home page
2022-12-19 05:42:56,937 - website - INFO - tej visited home page
2022-12-19 05:43:16,610 - website - INFO - tej visited home page
2022-12-19 05:44:17,044 - website - INFO - tej visited home page
2022-12-19 05:45:05,540 - website - INFO - tej visited home page
2022-12-19 05:45:05,550 - website - DEBUG - SELECT expenses.expense_id AS expenses_expense_id, expenses.expense_name AS expenses_expense_name, expenses.expense_type AS expenses_expense_type, expenses.expense_amount AS expenses_expense_amount, expenses.expense_date AS expenses_expense_date, expenses.user_id AS expenses_user_id, expenses.time_created AS expenses_time_created, expenses.time_updated AS expenses_time_updated 
FROM expenses 
WHERE expenses.user_id = %(user_id_1)s ORDER BY expenses.time_created DESC 
 LIMIT %(param_1)s
2022-12-19 05:47:23,994 - website - INFO - tej visited home page
2022-12-19 08:01:21,589 - website - INFO - tej logged out
2022-12-19 08:01:24,490 - website - INFO - tej logged in
2022-12-19 08:01:24,611 - website - INFO - tej visited home page
2022-12-19 08:01:24,620 - website - DEBUG - SELECT expenses.expense_id AS expenses_expense_id, expenses.expense_name AS expenses_expense_name, expenses.expense_type AS expenses_expense_type, expenses.expense_amount AS expenses_expense_amount, expenses.expense_date AS expenses_expense_date, expenses.user_id AS expenses_user_id, expenses.time_created AS expenses_time_created, expenses.time_updated AS expenses_time_updated 
FROM expenses 
WHERE expenses.user_id = %(user_id_1)s ORDER BY expenses.time_created DESC 
 LIMIT %(param_1)s
2022-12-19 08:01:47,382 - website - INFO - Expense added by tej at 2022-12-19 13:31:47.348183+05:30
2022-12-19 08:01:47,391 - website - INFO - tej visited expenses page
2022-12-19 08:01:52,896 - website - INFO - tej visited home page
2022-12-19 08:01:52,900 - website - DEBUG - SELECT expenses.expense_id AS expenses_expense_id, expenses.expense_name AS expenses_expense_name, expenses.expense_type AS expenses_expense_type, expenses.expense_amount AS expenses_expense_amount, expenses.expense_date AS expenses_expense_date, expenses.user_id AS expenses_user_id, expenses.time_created AS expenses_time_created, expenses.time_updated AS expenses_time_updated 
FROM expenses 
WHERE expenses.user_id = %(user_id_1)s ORDER BY expenses.time_created DESC 
 LIMIT %(param_1)s
2022-12-19 08:08:36,208 - website - INFO - tej visited home page
2022-12-19 08:08:57,164 - website - INFO - tej visited home page
2022-12-19 08:09:44,447 - website - INFO - tej visited home page
2022-12-19 08:09:44,461 - website - DEBUG - SELECT expenses.expense_id AS expenses_expense_id, expenses.expense_name AS expenses_expense_name, expenses.expense_type AS expenses_expense_type, expenses.expense_amount AS expenses_expense_amount, expenses.expense_date AS expenses_expense_date, expenses.user_id AS expenses_user_id, expenses.time_created AS expenses_time_created, expenses.time_updated AS expenses_time_updated 
FROM expenses 
WHERE expenses.user_id = %(user_id_1)s ORDER BY expenses.time_created DESC 
 LIMIT %(param_1)s
2022-12-19 08:10:01,718 - website - INFO - tej visited home page
2022-12-19 08:10:01,732 - website - DEBUG - SELECT expenses.expense_id AS expenses_expense_id, expenses.expense_name AS expenses_expense_name, expenses.expense_type AS expenses_expense_type, expenses.expense_amount AS expenses_expense_amount, expenses.expense_date AS expenses_expense_date, expenses.user_id AS expenses_user_id, expenses.time_created AS expenses_time_created, expenses.time_updated AS expenses_time_updated 
FROM expenses 
WHERE expenses.user_id = %(user_id_1)s ORDER BY expenses.time_created DESC 
 LIMIT %(param_1)s
2022-12-19 08:10:22,170 - website - INFO - tej visited home page
2022-12-19 08:10:22,180 - website - DEBUG - SELECT expenses.expense_id AS expenses_expense_id, expenses.expense_name AS expenses_expense_name, expenses.expense_type AS expenses_expense_type, expenses.expense_amount AS expenses_expense_amount, expenses.expense_date AS expenses_expense_date, expenses.user_id AS expenses_user_id, expenses.time_created AS expenses_time_created, expenses.time_updated AS expenses_time_updated 
FROM expenses 
WHERE expenses.user_id = %(user_id_1)s ORDER BY expenses.time_created DESC 
 LIMIT %(param_1)s
2022-12-19 08:10:40,315 - website - INFO - tej visited home page
2022-12-19 08:10:40,326 - website - DEBUG - SELECT expenses.expense_id AS expenses_expense_id, expenses.expense_name AS expenses_expense_name, expenses.expense_type AS expenses_expense_type, expenses.expense_amount AS expenses_expense_amount, expenses.expense_date AS expenses_expense_date, expenses.user_id AS expenses_user_id, expenses.time_created AS expenses_time_created, expenses.time_updated AS expenses_time_updated 
FROM expenses 
WHERE expenses.user_id = %(user_id_1)s ORDER BY expenses.time_created DESC 
 LIMIT %(param_1)s
2022-12-19 08:10:55,677 - website - INFO - tej visited home page
2022-12-19 08:10:55,687 - website - DEBUG - SELECT expenses.expense_id AS expenses_expense_id, expenses.expense_name AS expenses_expense_name, expenses.expense_type AS expenses_expense_type, expenses.expense_amount AS expenses_expense_amount, expenses.expense_date AS expenses_expense_date, expenses.user_id AS expenses_user_id, expenses.time_created AS expenses_time_created, expenses.time_updated AS expenses_time_updated 
FROM expenses 
WHERE expenses.user_id = %(user_id_1)s ORDER BY expenses.time_created DESC 
 LIMIT %(param_1)s
2022-12-19 08:11:19,799 - website - INFO - tej visited home page
2022-12-19 08:11:19,803 - website - DEBUG - SELECT expenses.expense_id AS expenses_expense_id, expenses.expense_name AS expenses_expense_name, expenses.expense_type AS expenses_expense_type, expenses.expense_amount AS expenses_expense_amount, expenses.expense_date AS expenses_expense_date, expenses.user_id AS expenses_user_id, expenses.time_created AS expenses_time_created, expenses.time_updated AS expenses_time_updated 
FROM expenses 
WHERE expenses.user_id = %(user_id_1)s ORDER BY expenses.time_created DESC 
 LIMIT %(param_1)s
2022-12-19 08:12:13,187 - website - INFO - tej visited home page
2022-12-19 08:12:35,896 - website - INFO - tej visited home page
2022-12-19 08:12:59,111 - website - INFO - tej visited home page
2022-12-19 08:12:59,118 - website - DEBUG - SELECT expenses.expense_id AS expenses_expense_id, expenses.expense_name AS expenses_expense_name, expenses.expense_type AS expenses_expense_type, expenses.expense_amount AS expenses_expense_amount, expenses.expense_date AS expenses_expense_date, expenses.user_id AS expenses_user_id, expenses.time_created AS expenses_time_created, expenses.time_updated AS expenses_time_updated 
FROM expenses 
WHERE expenses.user_id = %(user_id_1)s ORDER BY expenses.time_created DESC 
 LIMIT %(param_1)s
2022-12-19 08:15:39,828 - website - INFO - tej visited home page
2022-12-19 08:15:39,838 - website - DEBUG - SELECT expenses.expense_id AS expenses_expense_id, expenses.expense_name AS expenses_expense_name, expenses.expense_type AS expenses_expense_type, expenses.expense_amount AS expenses_expense_amount, expenses.expense_date AS expenses_expense_date, expenses.user_id AS expenses_user_id, expenses.time_created AS expenses_time_created, expenses.time_updated AS expenses_time_updated 
FROM expenses 
WHERE expenses.user_id = %(user_id_1)s ORDER BY expenses.time_created DESC 
 LIMIT %(param_1)s
2022-12-19 08:39:55,788 - website - INFO - tej visited home page
2022-12-19 08:39:55,800 - website - DEBUG - SELECT expenses.expense_id AS expenses_expense_id, expenses.expense_name AS expenses_expense_name, expenses.expense_type AS expenses_expense_type, expenses.expense_amount AS expenses_expense_amount, expenses.expense_date AS expenses_expense_date, expenses.user_id AS expenses_user_id, expenses.time_created AS expenses_time_created, expenses.time_updated AS expenses_time_updated 
FROM expenses 
WHERE expenses.user_id = %(user_id_1)s ORDER BY expenses.time_created DESC 
 LIMIT %(param_1)s
2022-12-19 08:40:31,079 - website - INFO - tej visited home page
2022-12-19 08:40:54,288 - website - INFO - tej visited home page
2022-12-19 08:40:54,303 - website - DEBUG - SELECT expenses.expense_id AS expenses_expense_id, expenses.expense_name AS expenses_expense_name, expenses.expense_type AS expenses_expense_type, expenses.expense_amount AS expenses_expense_amount, expenses.expense_date AS expenses_expense_date, expenses.user_id AS expenses_user_id, expenses.time_created AS expenses_time_created, expenses.time_updated AS expenses_time_updated 
FROM expenses 
WHERE expenses.user_id = %(user_id_1)s ORDER BY expenses.time_created DESC 
 LIMIT %(param_1)s
2022-12-19 08:41:28,033 - website - INFO - tej visited home page
2022-12-19 08:41:28,041 - website - DEBUG - SELECT expenses.expense_id AS expenses_expense_id, expenses.expense_name AS expenses_expense_name, expenses.expense_type AS expenses_expense_type, expenses.expense_amount AS expenses_expense_amount, expenses.expense_date AS expenses_expense_date, expenses.user_id AS expenses_user_id, expenses.time_created AS expenses_time_created, expenses.time_updated AS expenses_time_updated 
FROM expenses 
WHERE expenses.user_id = %(user_id_1)s ORDER BY expenses.time_created DESC 
 LIMIT %(param_1)s
2022-12-19 08:41:43,378 - website - INFO - tej visited home page
2022-12-19 08:41:43,394 - website - DEBUG - SELECT expenses.expense_id AS expenses_expense_id, expenses.expense_name AS expenses_expense_name, expenses.expense_type AS expenses_expense_type, expenses.expense_amount AS expenses_expense_amount, expenses.expense_date AS expenses_expense_date, expenses.user_id AS expenses_user_id, expenses.time_created AS expenses_time_created, expenses.time_updated AS expenses_time_updated 
FROM expenses 
WHERE expenses.user_id = %(user_id_1)s ORDER BY expenses.time_created DESC 
 LIMIT %(param_1)s
2022-12-20 06:14:22,760 - website - INFO - tej visited home page
2022-12-20 06:14:22,765 - website - DEBUG - SELECT expenses.expense_id AS expenses_expense_id, expenses.expense_name AS expenses_expense_name, expenses.expense_type AS expenses_expense_type, expenses.expense_amount AS expenses_expense_amount, expenses.expense_date AS expenses_expense_date, expenses.user_id AS expenses_user_id, expenses.time_created AS expenses_time_created, expenses.time_updated AS expenses_time_updated 
FROM expenses 
WHERE expenses.user_id = %(user_id_1)s ORDER BY expenses.time_created DESC 
 LIMIT %(param_1)s
2022-12-20 15:49:24,986 - website - INFO - kafka
2022-12-20 15:49:27,005 - website - INFO - kafka
2022-12-20 15:50:41,904 - website - INFO - kafka
2022-12-20 16:37:11,227 - website - INFO - tej visited home page
2022-12-20 16:37:11,232 - website - DEBUG - SELECT expenses.expense_id AS expenses_expense_id, expenses.expense_name AS expenses_expense_name, expenses.expense_type AS expenses_expense_type, expenses.expense_amount AS expenses_expense_amount, expenses.expense_date AS expenses_expense_date, expenses.user_id AS expenses_user_id, expenses.time_created AS expenses_time_created, expenses.time_updated AS expenses_time_updated 
FROM expenses 
WHERE expenses.user_id = %(user_id_1)s ORDER BY expenses.time_created DESC 
 LIMIT %(param_1)s
2022-12-20 16:37:26,651 - website - INFO - tej logged out
2022-12-20 16:37:33,007 - website - INFO - tej logged in
2022-12-20 16:37:33,042 - website - INFO - tej visited home page
2022-12-20 16:37:33,045 - website - DEBUG - SELECT expenses.expense_id AS expenses_expense_id, expenses.expense_name AS expenses_expense_name, expenses.expense_type AS expenses_expense_type, expenses.expense_amount AS expenses_expense_amount, expenses.expense_date AS expenses_expense_date, expenses.user_id AS expenses_user_id, expenses.time_created AS expenses_time_created, expenses.time_updated AS expenses_time_updated 
FROM expenses 
WHERE expenses.user_id = %(user_id_1)s ORDER BY expenses.time_created DESC 
 LIMIT %(param_1)s
2022-12-20 16:38:21,982 - website - INFO - tej visited reminders page
2022-12-20 16:39:39,514 - website - INFO - tej visited expenses page
2022-12-22 04:57:15,403 - website - INFO - tej visited home page
2022-12-22 04:57:15,405 - website - DEBUG - SELECT expenses.expense_id AS expenses_expense_id, expenses.expense_name AS expenses_expense_name, expenses.expense_type AS expenses_expense_type, expenses.expense_amount AS expenses_expense_amount, expenses.expense_date AS expenses_expense_date, expenses.user_id AS expenses_user_id, expenses.time_created AS expenses_time_created, expenses.time_updated AS expenses_time_updated 
FROM expenses 
WHERE expenses.user_id = %(user_id_1)s ORDER BY expenses.time_created DESC 
 LIMIT %(param_1)s
2022-12-22 05:11:03,261 - website - INFO - tej visited home page
2022-12-22 05:11:03,264 - website - DEBUG - SELECT expenses.expense_id AS expenses_expense_id, expenses.expense_name AS expenses_expense_name, expenses.expense_type AS expenses_expense_type, expenses.expense_amount AS expenses_expense_amount, expenses.expense_date AS expenses_expense_date, expenses.user_id AS expenses_user_id, expenses.time_created AS expenses_time_created, expenses.time_updated AS expenses_time_updated 
FROM expenses 
WHERE expenses.user_id = %(user_id_1)s ORDER BY expenses.time_created DESC 
 LIMIT %(param_1)s
2022-12-22 05:12:11,617 - website - INFO - tej visited home page
2022-12-22 05:12:11,619 - website - DEBUG - SELECT expenses.expense_id AS expenses_expense_id, expenses.expense_name AS expenses_expense_name, expenses.expense_type AS expenses_expense_type, expenses.expense_amount AS expenses_expense_amount, expenses.expense_date AS expenses_expense_date, expenses.user_id AS expenses_user_id, expenses.time_created AS expenses_time_created, expenses.time_updated AS expenses_time_updated 
FROM expenses 
WHERE expenses.user_id = %(user_id_1)s ORDER BY expenses.time_created DESC 
 LIMIT %(param_1)s
2022-12-22 05:12:19,799 - website - INFO - tej visited expenses page
2022-12-22 05:12:34,229 - website - INFO - tej visited expenses page
2022-12-22 05:19:26,752 - website - INFO - tej visited expenses page
2022-12-22 05:19:49,351 - website - INFO - tej visited expenses page
2022-12-22 05:20:29,258 - website - INFO - tej visited expenses page
2022-12-22 05:25:41,273 - website - INFO - tej visited expenses page
2022-12-22 06:10:24,300 - website.middleware - DEBUG - http://localhost:5000/expenses
2022-12-22 06:10:24,378 - website - INFO - tej visited home page
2022-12-22 06:10:24,380 - website - DEBUG - SELECT expenses.expense_id AS expenses_expense_id, expenses.expense_name AS expenses_expense_name, expenses.expense_type AS expenses_expense_type, expenses.expense_amount AS expenses_expense_amount, expenses.expense_date AS expenses_expense_date, expenses.user_id AS expenses_user_id, expenses.time_created AS expenses_time_created, expenses.time_updated AS expenses_time_updated 
FROM expenses 
WHERE expenses.user_id = %(user_id_1)s ORDER BY expenses.time_created DESC 
 LIMIT %(param_1)s
2022-12-22 06:10:24,464 - website.middleware - DEBUG - http://localhost:5000/
2022-12-22 06:10:24,834 - website.middleware - DEBUG - http://localhost:5000/
2022-12-22 06:10:25,105 - website.middleware - DEBUG - http://localhost:5000/
2022-12-22 06:10:39,344 - website.middleware - DEBUG - http://localhost:5000/
2022-12-22 06:10:39,352 - website - INFO - tej visited reminders page
2022-12-22 06:10:39,463 - website.middleware - DEBUG - http://localhost:5000/reminders
2022-12-22 06:10:39,626 - website.middleware - DEBUG - http://localhost:5000/reminders
2022-12-22 06:10:39,647 - website.middleware - DEBUG - http://localhost:5000/reminders
2022-12-22 06:11:01,752 - website.middleware - DEBUG - http://localhost:5000/reminders
2022-12-22 06:11:01,861 - website.middleware - DEBUG - http://localhost:5000/income
2022-12-22 06:11:02,220 - website.middleware - DEBUG - http://localhost:5000/income
2022-12-22 06:11:02,232 - website.middleware - DEBUG - http://localhost:5000/income
2022-12-22 06:14:34,100 - website.middleware - DEBUG - http://localhost:5000/reminders
2022-12-22 06:14:34,249 - website.middleware - DEBUG - http://localhost:5000/income
2022-12-22 06:14:34,641 - website.middleware - DEBUG - http://localhost:5000/income
2022-12-22 06:14:34,656 - website.middleware - DEBUG - http://localhost:5000/income
2022-12-22 06:14:35,311 - website.middleware - DEBUG - http://localhost:5000/income
2022-12-22 06:17:52,702 - website.middleware - DEBUG - http://localhost:5000/income
2022-12-22 06:17:52,750 - website - INFO - tej visited expenses page
2022-12-22 06:17:52,859 - website.middleware - DEBUG - http://localhost:5000/expenses
2022-12-22 06:17:53,148 - website.middleware - DEBUG - http://localhost:5000/expenses
2022-12-22 06:17:53,165 - website.middleware - DEBUG - http://localhost:5000/expenses
2022-12-22 06:18:02,663 - website.middleware - DEBUG - http://localhost:5000/expenses
2022-12-22 06:18:02,672 - website - INFO - tej visited home page
2022-12-22 06:18:02,674 - website - DEBUG - SELECT expenses.expense_id AS expenses_expense_id, expenses.expense_name AS expenses_expense_name, expenses.expense_type AS expenses_expense_type, expenses.expense_amount AS expenses_expense_amount, expenses.expense_date AS expenses_expense_date, expenses.user_id AS expenses_user_id, expenses.time_created AS expenses_time_created, expenses.time_updated AS expenses_time_updated 
FROM expenses 
WHERE expenses.user_id = %(user_id_1)s ORDER BY expenses.time_created DESC 
 LIMIT %(param_1)s
2022-12-22 06:18:02,781 - website.middleware - DEBUG - http://localhost:5000/
2022-12-22 06:18:02,949 - website.middleware - DEBUG - http://localhost:5000/
2022-12-22 06:18:02,960 - website.middleware - DEBUG - http://localhost:5000/
2022-12-22 06:18:20,265 - website.middleware - DEBUG - http://localhost:5000/
2022-12-22 06:18:20,328 - website - INFO - tej visited home page
2022-12-22 06:18:20,337 - website - DEBUG - SELECT expenses.expense_id AS expenses_expense_id, expenses.expense_name AS expenses_expense_name, expenses.expense_type AS expenses_expense_type, expenses.expense_amount AS expenses_expense_amount, expenses.expense_date AS expenses_expense_date, expenses.user_id AS expenses_user_id, expenses.time_created AS expenses_time_created, expenses.time_updated AS expenses_time_updated 
FROM expenses 
WHERE expenses.user_id = %(user_id_1)s ORDER BY expenses.time_created DESC 
 LIMIT %(param_1)s
2022-12-22 06:18:20,505 - website.middleware - DEBUG - http://localhost:5000/
2022-12-22 06:18:20,687 - website.middleware - DEBUG - http://localhost:5000/
2022-12-22 06:18:20,697 - website.middleware - DEBUG - http://localhost:5000/
2022-12-22 06:18:25,392 - website.middleware - DEBUG - http://localhost:5000/
2022-12-22 06:18:25,398 - website - INFO - tej visited reminders page
2022-12-22 06:18:25,485 - website.middleware - DEBUG - http://localhost:5000/reminders
2022-12-22 06:18:25,667 - website.middleware - DEBUG - http://localhost:5000/reminders
2022-12-22 06:18:25,682 - website.middleware - DEBUG - http://localhost:5000/reminders
2022-12-22 06:19:00,619 - website.middleware - DEBUG - http://localhost:5000/
2022-12-22 06:19:27,087 - website.middleware - DEBUG - http://localhost:5000/
2022-12-22 06:19:27,136 - website - INFO - tej visited reminders page
2022-12-22 06:19:27,263 - website.middleware - DEBUG - http://localhost:5000/reminders
2022-12-22 06:19:27,470 - website.middleware - DEBUG - http://localhost:5000/reminders
2022-12-22 06:19:27,607 - website.middleware - DEBUG - http://localhost:5000/reminders
2022-12-22 06:19:27,800 - website.middleware - DEBUG - http://localhost:5000/reminders
2022-12-22 06:19:49,894 - website.middleware - DEBUG - http://localhost:5000/
2022-12-22 06:19:49,943 - website - INFO - tej visited reminders page
2022-12-22 06:19:50,670 - website.middleware - DEBUG - http://localhost:5000/reminders
2022-12-22 06:20:02,147 - website.middleware - DEBUG - http://localhost:5000/
2022-12-22 06:20:02,203 - website - INFO - tej visited reminders page
2022-12-22 06:20:02,337 - website.middleware - DEBUG - http://localhost:5000/reminders
2022-12-22 06:20:02,510 - website.middleware - DEBUG - http://localhost:5000/reminders
2022-12-22 06:20:02,649 - website.middleware - DEBUG - http://localhost:5000/reminders
2022-12-22 06:20:02,839 - website.middleware - DEBUG - http://localhost:5000/reminders
2022-12-22 06:21:45,090 - website.middleware - DEBUG - http://localhost:5000/reminders
2022-12-22 06:21:45,210 - website.middleware - DEBUG - http://localhost:5000/income
2022-12-22 06:21:45,429 - website.middleware - DEBUG - http://localhost:5000/income
2022-12-22 06:21:45,451 - website.middleware - DEBUG - http://localhost:5000/income
2022-12-22 06:22:00,508 - website.middleware - DEBUG - http://localhost:5000/income
2022-12-22 06:22:00,514 - website - INFO - tej visited reminders page
2022-12-22 06:22:00,655 - website.middleware - DEBUG - http://localhost:5000/reminders
2022-12-22 06:22:00,828 - website.middleware - DEBUG - http://localhost:5000/reminders
2022-12-22 06:22:00,841 - website.middleware - DEBUG - http://localhost:5000/reminders
2022-12-22 06:22:11,936 - website.middleware - DEBUG - http://localhost:5000/reminders
2022-12-22 06:22:12,004 - website.middleware - DEBUG - http://localhost:5000/goals
2022-12-22 06:22:12,173 - website.middleware - DEBUG - http://localhost:5000/goals
2022-12-22 06:22:12,182 - website.middleware - DEBUG - http://localhost:5000/goals
2022-12-22 06:22:27,418 - website.middleware - DEBUG - http://localhost:5000/goals
2022-12-22 06:22:27,422 - website - INFO - tej visited expenses page
2022-12-22 06:22:27,482 - website.middleware - DEBUG - http://localhost:5000/expenses
2022-12-22 06:22:27,664 - website.middleware - DEBUG - http://localhost:5000/expenses
2022-12-22 06:22:27,678 - website.middleware - DEBUG - http://localhost:5000/expenses
2022-12-22 06:30:26,963 - website.middleware - DEBUG - http://localhost:5000/goals
2022-12-22 06:30:27,146 - website - INFO - tej visited expenses page
2022-12-22 06:30:27,282 - website.middleware - DEBUG - http://localhost:5000/expenses
2022-12-22 06:30:27,656 - website.middleware - DEBUG - http://localhost:5000/expenses
2022-12-22 06:30:27,899 - website.middleware - DEBUG - http://localhost:5000/expenses
2022-12-22 06:30:28,914 - website.middleware - DEBUG - http://localhost:5000/expenses
2022-12-22 06:36:37,332 - website.middleware - DEBUG - http://localhost:5000/goals
2022-12-22 06:36:37,442 - website - INFO - tej visited expenses page
2022-12-22 06:36:52,042 - website.middleware - DEBUG - http://localhost:5000/goals
2022-12-22 06:36:52,120 - website - INFO - tej visited expenses page
2022-12-22 06:38:20,278 - website.middleware - DEBUG - Host: localhost:5000