2022-12-22 06:10:24,300 - website.middleware - DEBUG - http://localhost:5000/expenses
2022-12-22 06:10:24,464 - website.middleware - DEBUG - http://localhost:5000/
2022-12-22 06:10:24,834 - website.middleware - DEBUG - http://localhost:5000/
2022-12-22 06:10:25,105 - website.middleware - DEBUG - http://localhost:5000/
2022-12-22 06:10:39,344 - website.middleware - DEBUG - http://localhost:5000/
2022-12-22 06:10:39,463 - website.middleware - DEBUG - http://localhost:5000/reminders
2022-12-22 06:10:39,626 - website.middleware - DEBUG - http://localhost:5000/reminders
2022-12-22 06:10:39,647 - website.middleware - DEBUG - http://localhost:5000/reminders
2022-12-22 06:11:01,752 - website.middleware - DEBUG - http://localhost:5000/reminders
2022-12-22 06:11:01,861 - website.middleware - DEBUG - http://localhost:5000/income
2022-12-22 06:11:02,220 - website.middleware - DEBUG - http://localhost:5000/income
2022-12-22 06:11:02,232 - website.middleware - DEBUG - http://localhost:5000/income
2022-12-22 06:14:34,100 - website.middleware - DEBUG - http://localhost:5000/reminders
2022-12-22 06:14:34,249 - website.middleware - DEBUG - http://localhost:5000/income
2022-12-22 06:14:34,641 - website.middleware - DEBUG - http://localhost:5000/income
2022-12-22 06:14:34,656 - website.middleware - DEBUG - http://localhost:5000/income
2022-12-22 06:14:35,311 - website.middleware - DEBUG - http://localhost:5000/income
2022-12-22 06:17:52,702 - website.middleware - DEBUG - http://localhost:5000/income
2022-12-22 06:17:52,859 - website.middleware - DEBUG - http://localhost:5000/expenses
2022-12-22 06:17:53,148 - website.middleware - DEBUG - http://localhost:5000/expenses
2022-12-22 06:17:53,165 - website.middleware - DEBUG - http://localhost:5000/expenses
2022-12-22 06:18:02,663 - website.middleware - DEBUG - http://localhost:5000/expenses
2022-12-22 06:18:02,781 - website.middleware - DEBUG - http://localhost:5000/
2022-12-22 06:18:02,949 - website.middleware - DEBUG - http://localhost:5000/
2022-12-22 06:18:02,960 - website.middleware - DEBUG - http://localhost:5000/
2022-12-22 06:18:20,265 - website.middleware - DEBUG - http://localhost:5000/
2022-12-22 06:18:20,505 - website.middleware - DEBUG - http://localhost:5000/
2022-12-22 06:18:20,687 - website.middleware - DEBUG - http://localhost:5000/
2022-12-22 06:18:20,697 - website.middleware - DEBUG - http://localhost:5000/
2022-12-22 06:18:25,392 - website.middleware - DEBUG - http://localhost:5000/
2022-12-22 06:18:25,485 - website.middleware - DEBUG - http://localhost:5000/reminders
2022-12-22 06:18:25,667 - website.middleware - DEBUG - http://localhost:5000/reminders
2022-12-22 06:18:25,682 - website.middleware - DEBUG - http://localhost:5000/reminders
2022-12-22 06:19:00,619 - website.middleware - DEBUG - http://localhost:5000/
2022-12-22 06:19:27,087 - website.middleware - DEBUG - http://localhost:5000/
2022-12-22 06:19:27,263 - website.middleware - DEBUG - http://localhost:5000/reminders
2022-12-22 06:19:27,470 - website.middleware - DEBUG - http://localhost:5000/reminders
2022-12-22 06:19:27,607 - website.middleware - DEBUG - http://localhost:5000/reminders
2022-12-22 06:19:27,800 - website.middleware - DEBUG - http://localhost:5000/reminders
2022-12-22 06:19:49,894 - website.middleware - DEBUG - http://localhost:5000/
2022-12-22 06:19:50,670 - website.middleware - DEBUG - http://localhost:5000/reminders
2022-12-22 06:20:02,147 - website.middleware - DEBUG - http://localhost:5000/
2022-12-22 06:20:02,337 - website.middleware - DEBUG - http://localhost:5000/reminders
2022-12-22 06:20:02,510 - website.middleware - DEBUG - http://localhost:5000/reminders
2022-12-22 06:20:02,649 - website.middleware - DEBUG - http://localhost:5000/reminders
2022-12-22 06:20:02,839 - website.middleware - DEBUG - http://localhost:5000/reminders
2022-12-22 06:21:45,090 - website.middleware - DEBUG - http://localhost:5000/reminders
2022-12-22 06:21:45,210 - website.middleware - DEBUG - http://localhost:5000/income
2022-12-22 06:21:45,429 - website.middleware - DEBUG - http://localhost:5000/income
2022-12-22 06:21:45,451 - website.middleware - DEBUG - http://localhost:5000/income
2022-12-22 06:22:00,508 - website.middleware - DEBUG - http://localhost:5000/income
2022-12-22 06:22:00,655 - website.middleware - DEBUG - http://localhost:5000/reminders
2022-12-22 06:22:00,828 - website.middleware - DEBUG - http://localhost:5000/reminders
2022-12-22 06:22:00,841 - website.middleware - DEBUG - http://localhost:5000/reminders
2022-12-22 06:22:11,936 - website.middleware - DEBUG - http://localhost:5000/reminders
2022-12-22 06:22:12,004 - website.middleware - DEBUG - http://localhost:5000/goals
2022-12-22 06:22:12,173 - website.middleware - DEBUG - http://localhost:5000/goals
2022-12-22 06:22:12,182 - website.middleware - DEBUG - http://localhost:5000/goals
2022-12-22 06:22:27,418 - website.middleware - DEBUG - http://localhost:5000/goals
2022-12-22 06:22:27,482 - website.middleware - DEBUG - http://localhost:5000/expenses
2022-12-22 06:22:27,664 - website.middleware - DEBUG - http://localhost:5000/expenses
2022-12-22 06:22:27,678 - website.middleware - DEBUG - http://localhost:5000/expenses
2022-12-22 06:30:26,963 - website.middleware - DEBUG - http://localhost:5000/goals
2022-12-22 06:30:27,282 - website.middleware - DEBUG - http://localhost:5000/expenses
2022-12-22 06:30:27,656 - website.middleware - DEBUG - http://localhost:5000/expenses
2022-12-22 06:30:27,899 - website.middleware - DEBUG - http://localhost:5000/expenses
2022-12-22 06:30:28,914 - website.middleware - DEBUG - http://localhost:5000/expenses
2022-12-22 06:36:37,332 - website.middleware - DEBUG - http://localhost:5000/goals
2022-12-22 06:36:52,042 - website.middleware - DEBUG - http://localhost:5000/goals
2022-12-22 06:38:20,278 - website.middleware - DEBUG - Host: localhost:5000
2022-12-22 06:43:35,501 - website.middleware - DEBUG - None
2022-12-22 06:43:35,664 - website.middleware - DEBUG - http://localhost:5000/expenses
2022-12-22 06:43:35,839 - website.middleware - DEBUG - http://localhost:5000/expenses
2022-12-22 06:43:35,992 - website.middleware - DEBUG - http://localhost:5000/expenses
2022-12-22 06:43:36,259 - website.middleware - DEBUG - http://localhost:5000/expenses
2022-12-22 06:44:38,573 - website.middleware - DEBUG - None
2022-12-22 06:44:38,686 - website.middleware - DEBUG - http://localhost:5000/expenses
2022-12-22 06:44:39,112 - website.middleware - DEBUG - http://localhost:5000/expenses
2022-12-22 06:44:39,136 - website.middleware - DEBUG - http://localhost:5000/expenses
2022-12-22 06:44:39,587 - website.middleware - DEBUG - http://localhost:5000/expenses
2022-12-22 06:47:53,959 - website.middleware - DEBUG - http://localhost:5000/expenses
2022-12-22 06:47:54,143 - website.middleware - DEBUG - http://localhost:5000/
2022-12-22 06:47:54,434 - website.middleware - DEBUG - http://localhost:5000/
2022-12-22 06:47:54,470 - website.middleware - DEBUG - http://localhost:5000/
2022-12-22 06:47:54,878 - website.middleware - DEBUG - http://localhost:5000/
2022-12-27 08:25:22,650 - website.middleware - DEBUG - None
2022-12-27 08:25:23,533 - website.middleware - DEBUG - http://localhost:5000/
2022-12-27 08:25:23,941 - website.middleware - DEBUG - http://localhost:5000/
2022-12-27 08:25:24,169 - website.middleware - DEBUG - http://localhost:5000/
2022-12-27 08:25:24,844 - website.middleware - DEBUG - http://localhost:5000/
2022-12-27 08:25:25,453 - website.middleware - DEBUG - http://localhost:5000/
2022-12-27 08:25:25,559 - website.middleware - DEBUG - http://localhost:5000/expenses
2022-12-27 08:25:25,756 - website.middleware - DEBUG - http://localhost:5000/expenses
2022-12-27 08:25:25,779 - website.middleware - DEBUG - http://localhost:5000/expenses
2022-12-27 08:44:18,059 - website.middleware - DEBUG - http://localhost:5000/
2022-12-27 08:44:18,334 - website.middleware - DEBUG - http://localhost:5000/expenses
2022-12-27 08:44:18,683 - website.middleware - DEBUG - http://localhost:5000/expenses
2022-12-27 08:44:18,851 - website.middleware - DEBUG - http://localhost:5000/expenses
2022-12-27 08:44:19,172 - website.middleware - DEBUG - http://localhost:5000/expenses
2022-12-27 08:44:33,015 - website.middleware - DEBUG - http://localhost:5000/expenses
2022-12-27 08:44:33,100 - website.middleware - DEBUG - http://localhost:5000/goals
2022-12-27 08:44:33,273 - website.middleware - DEBUG - http://localhost:5000/goals
2022-12-27 08:44:33,290 - website.middleware - DEBUG - http://localhost:5000/goals
2022-12-27 08:57:41,272 - website.middleware - DEBUG - Host: localhost:5000
2022-12-27 08:44:33,290 - website.middleware - DEBUG - http://localhost:5000/goa
2022-12-27 08:44:33,290 - website.middleware - DEBUG - http://localhost:5000/goa
2022-12-27 08:44:33,290 - website.middleware - DEBUG - http://localhost:5000/goa
2022-12-27 08:44:33,290 - website.middleware - DEBUG - http://localhost:5000/goa
2022-12-27 08:44:33,290 - website.middleware - DEBUG - http://localhost:5000/goa
2022-12-27 08:44:33,290 - website.middleware - DEBUG - http://localhost:5000/goall